2025-03-08 11:14:35,332 - INFO - Available CPU cores/threads: 16
2025-03-08 11:14:35,333 - INFO - Running on Windows
2025-03-08 11:14:55,089 - INFO - Arguments: Namespace(noretrieve=False, dryrun=False, usevids=True, inputvideoid=None, skiptimecheck=False)
2025-03-08 11:14:55,141 - INFO - Post to use 1j31x48
2025-03-08 11:14:55,142 - INFO - Post to use 1j376sw
2025-03-08 11:14:55,142 - INFO - Post to use 1j2hun2
2025-03-08 11:14:55,142 - INFO - Post to use 1j32wsj
2025-03-08 11:14:55,142 - INFO - Post to use 1j3f5pr
2025-03-08 11:14:55,143 - INFO - Post to use 1j3jwao
2025-03-08 11:14:55,143 - INFO - Post to use 1j3m1so
2025-03-08 11:14:55,143 - INFO - Post to use 1j30y89
2025-03-08 11:14:55,143 - INFO - Post to use 1j2nd4u
2025-03-08 11:14:55,143 - INFO - Post to use 1j3lszt
2025-03-08 11:14:55,144 - INFO - Post to use 1j3fos3
2025-03-08 11:14:55,144 - INFO - Post to use 1j3e1he
2025-03-08 11:14:55,144 - INFO - Post to use 1j1w26g
2025-03-08 11:14:55,144 - INFO - Post to use 1j3bvam
2025-03-08 11:14:55,144 - INFO - Post to use 1j2daf5
2025-03-08 11:14:55,144 - INFO - Post to use 1j2hxb2
2025-03-08 11:14:55,144 - INFO - Post to use 1j34uf4
2025-03-08 11:14:55,145 - INFO - Post to use 1j3ggqv
2025-03-08 11:14:55,145 - INFO - Post to use 1j3gt4t
2025-03-08 11:14:55,145 - INFO - Post to use 1j3hme8
2025-03-08 11:14:55,145 - INFO - Post to use 1j2s2gi
2025-03-08 11:14:55,145 - INFO - Post to use 1j3cfg8
2025-03-08 11:14:55,146 - INFO - Post to use 1j2n3fr
2025-03-08 11:14:55,146 - INFO - Post to use 1j3jt88
2025-03-08 11:14:55,146 - INFO - Post to use 1j3ewvy
2025-03-08 11:14:55,146 - INFO - Post to use 1j3cj24
2025-03-08 11:14:55,146 - INFO - Post to use 1j3kfj2
2025-03-08 11:14:55,146 - INFO - Post to use 1j3fade
2025-03-08 11:14:55,146 - INFO - Post to use 1j3lg3q
2025-03-08 11:14:55,147 - INFO - Post to use 1j3ish5
2025-03-08 11:14:55,147 - INFO - Post to use 1j3fnga
2025-03-08 11:14:55,147 - INFO - Post to use 1j33x2i
2025-03-08 11:14:55,147 - INFO - Post to use 1j31xfr
2025-03-08 11:14:55,147 - INFO - Post to use 1j2uu65
2025-03-08 11:14:55,147 - INFO - Post to use 1j2rqwq
2025-03-08 11:14:55,148 - INFO - Post to use 1j32ocq
2025-03-08 11:14:55,148 - INFO - Post to use 1j2pekv
2025-03-08 11:14:55,148 - INFO - Post to use 1j3f0o8
2025-03-08 11:14:55,148 - INFO - Post to use 1j3fzxl
2025-03-08 11:14:55,148 - INFO - Post to use 1j30cc5
2025-03-08 11:14:55,148 - INFO - Post to use 1j2rx6e
2025-03-08 11:14:55,149 - INFO - Post to use 1j3e8ip
2025-03-08 11:14:55,149 - INFO - Post to use 1j3h4zr
2025-03-08 11:14:55,149 - INFO - Post to use 1j3irgq
2025-03-08 11:14:55,149 - INFO - Post to use 1j3losq
2025-03-08 11:14:55,149 - INFO - Post to use 1j3mkes
2025-03-08 11:14:55,149 - INFO - Post to use 1j3brxg
2025-03-08 11:14:55,150 - INFO - Post to use 1j3kbea
2025-03-08 11:14:55,150 - INFO - Post to use 1j3nlx2
2025-03-08 11:14:55,150 - INFO - Post to use 1j3hzm9
2025-03-08 11:14:55,150 - INFO - Post to use 1j37mx9
2025-03-08 11:14:55,150 - INFO - Post to use 1j3oyrv
2025-03-08 11:14:55,151 - INFO - Post to use 1j37180
2025-03-08 11:14:55,151 - INFO - Post to use 1j3febh
2025-03-08 11:14:55,151 - INFO - Post to use 1j3mpwc
2025-03-08 11:14:55,151 - INFO - Post to use 1j1e7bf
2025-03-08 11:14:55,151 - INFO - Post to use 1j3m0nh
2025-03-08 11:14:55,151 - INFO - Post to use 1j3m6wc
2025-03-08 11:14:55,152 - INFO - Post to use 1j3np5c
2025-03-08 11:14:55,152 - INFO - Post to use 1j3cltm
2025-03-08 11:14:55,152 - INFO - Post to use 1j3jptx
2025-03-08 11:14:55,153 - INFO - Post to use 1j3axdv
2025-03-08 11:14:55,153 - INFO - Post to use 1j3cbfc
2025-03-08 11:14:55,153 - INFO - Post to use 1j387os
2025-03-08 11:14:55,153 - INFO - Post to use 1j37g9k
2025-03-08 11:14:55,154 - INFO - Post to use 1j34bss
2025-03-08 11:14:55,154 - INFO - Post to use 1j327ff
2025-03-08 11:14:55,154 - INFO - Post to use 1j2idm6
2025-03-08 11:14:55,154 - INFO - Post to use 1j3o5wt
2025-03-08 11:14:55,154 - INFO - Post to use 1j3e2ui
2025-03-08 11:14:55,155 - INFO - Post to use 1j3rkgj
2025-03-08 11:14:55,155 - INFO - Post to use 1j3r8im
2025-03-08 11:14:55,155 - INFO - Post to use 1j43n3q
2025-03-08 11:14:55,155 - INFO - Post to use 1j47w9q
2025-03-08 11:14:55,155 - INFO - Post to use 1j3n68v
2025-03-08 11:14:55,156 - INFO - Post to use 1j3uyii
2025-03-08 11:14:55,156 - INFO - Post to use 1j475fj
2025-03-08 11:14:55,156 - INFO - Post to use 1j3qlm5
2025-03-08 11:14:55,156 - INFO - Post to use 1j417wt
2025-03-08 11:14:55,156 - INFO - Post to use 1j3qxox
2025-03-08 11:14:55,157 - INFO - Post to use 1j436zq
2025-03-08 11:14:55,157 - INFO - Post to use 1j3ec44
2025-03-08 11:14:55,157 - INFO - Post to use 1j3dgv7
2025-03-08 11:14:55,157 - INFO - Post to use 1j49brg
2025-03-08 11:14:55,157 - INFO - Post to use 1j44jo8
2025-03-08 11:14:55,158 - INFO - Post to use 1j3xkid
2025-03-08 11:14:55,158 - INFO - Post to use 1j45b6x
2025-03-08 11:14:55,158 - INFO - Post to use 1j3zxgw
2025-03-08 11:14:55,158 - INFO - Post to use 1j4bylt
2025-03-08 11:14:55,158 - INFO - Post to use 1j49w1h
2025-03-08 11:14:55,159 - INFO - Post to use 1j3z69i
2025-03-08 11:14:55,159 - INFO - Post to use 1j49i0g
2025-03-08 11:14:55,159 - INFO - Post to use 1j443mz
2025-03-08 11:14:55,159 - INFO - Post to use 1j3zffs
2025-03-08 11:14:55,159 - INFO - Post to use 1j46vtb
2025-03-08 11:14:55,160 - INFO - Post to use 1j3tlhg
2025-03-08 11:14:55,160 - INFO - Post to use 1j3utxr
2025-03-08 11:14:55,160 - INFO - Post to use 1j3qti1
2025-03-08 11:14:55,160 - INFO - Post to use 1j41u8e
2025-03-08 11:14:55,160 - INFO - Post to use 1j3r339
2025-03-08 11:14:55,161 - INFO - Post to use 1j48yc0
2025-03-08 11:14:55,161 - INFO - Post to use 1j422hh
2025-03-08 11:14:55,161 - INFO - Post to use 1j47mx6
2025-03-08 11:14:55,161 - INFO - Post to use 1j427hw
2025-03-08 11:14:55,161 - INFO - Post to use 1j3qtko
2025-03-08 11:14:55,162 - INFO - Post to use 1j3i2ai
2025-03-08 11:14:55,162 - INFO - Post to use 1j4641n
2025-03-08 11:14:55,162 - INFO - Post to use 1j4h72v
2025-03-08 11:14:55,162 - INFO - Post to use 1j4g1cu
2025-03-08 11:14:55,162 - INFO - Post to use 1j4mb3m
2025-03-08 11:14:55,162 - INFO - Post to use 1j4lyla
2025-03-08 11:14:55,163 - INFO - Post to use 1j4cbre
2025-03-08 11:14:55,163 - INFO - Post to use 1j4gvio
2025-03-08 11:14:55,163 - INFO - Post to use 1j4h4ba
2025-03-08 11:14:55,163 - INFO - Post to use 1j4hmt0
2025-03-08 11:14:55,163 - INFO - Post to use 1j4gw7k
2025-03-08 11:14:55,163 - INFO - Post to use 1j4lhkb
2025-03-08 11:14:55,164 - INFO - Post to use 1j45bux
2025-03-08 11:14:55,164 - INFO - Post to use 1j4ryl0
2025-03-08 11:14:55,164 - INFO - Post to use 1j4vzra
2025-03-08 11:14:55,164 - INFO - Post to use 1j4doj5
2025-03-08 11:14:55,164 - INFO - Post to use 1j4eabd
2025-03-08 11:14:55,165 - INFO - Post to use 1j4j0dq
2025-03-08 11:14:55,165 - INFO - Post to use 1j4mgm6
2025-03-08 11:14:55,165 - INFO - Post to use 1j3wagc
2025-03-08 11:14:55,165 - INFO - Post to use 1j4xwhl
2025-03-08 11:14:55,165 - INFO - Post to use 1j4w65t
2025-03-08 11:14:55,165 - INFO - Post to use 1j4skib
2025-03-08 11:14:55,166 - INFO - Post to use 1j51i4j
2025-03-08 11:14:55,166 - INFO - Post to use 1j50emu
2025-03-08 11:14:55,166 - INFO - Post to use 1j4qif6
2025-03-08 11:14:55,166 - INFO - Post to use 1j4hkfp
2025-03-08 11:14:55,166 - INFO - Post to use 1j4e4sf
2025-03-08 11:14:55,167 - INFO - Post to use 1j4rwe4
2025-03-08 11:14:55,167 - INFO - Post to use 1j4q99p
2025-03-08 11:14:55,167 - INFO - Post to use 1j4uio2
2025-03-08 11:14:55,167 - INFO - Post to use 1j48rs6
2025-03-08 11:14:55,167 - INFO - Post to use 1j4v0kv
2025-03-08 11:14:55,167 - INFO - Post to use 1j4yekn
2025-03-08 11:14:55,168 - INFO - Post to use 1j56uzw
2025-03-08 11:14:55,168 - INFO - Post to use 1j5dn52
2025-03-08 11:14:55,168 - INFO - Post to use 1j52ynd
2025-03-08 11:14:55,168 - INFO - Post to use 1j53zwl
2025-03-08 11:14:55,168 - INFO - Post to use 1j5dlmm
2025-03-08 11:14:55,169 - INFO - Post to use 1j5fe5b
2025-03-08 11:14:55,169 - INFO - Post to use 1j56nn4
2025-03-08 11:14:55,169 - INFO - Post to use 1j4qz6t
2025-03-08 11:14:55,169 - INFO - Post to use 1j5pxz6
2025-03-08 11:14:55,169 - INFO - Post to use 1j612fa
2025-03-08 11:14:55,170 - INFO - Post to use 1j65t74
2025-03-08 11:14:55,170 - INFO - Post to use 1j67p6d
2025-03-08 11:14:55,170 - INFO - Post to use 1j5xp0d
2025-03-08 11:14:55,170 - INFO - Post to use 1j5g5s2
2025-03-08 11:14:55,171 - INFO - Post to use 1j5xtf9
2025-03-08 11:14:55,171 - INFO - Post to use 1j5zs6x
2025-03-08 11:14:55,171 - INFO - Post to use 1j5eqmw
2025-03-08 11:14:55,171 - INFO - Post to use 1j5i8b0
2025-03-08 11:14:55,171 - INFO - Post to use 1j5cqxg
2025-03-08 11:14:55,171 - INFO - Post to use 1j5xno9
2025-03-08 11:14:55,172 - INFO - Post to use 1j5vus1
2025-03-08 11:14:55,172 - INFO - Post to use 1j65sns
2025-03-08 11:14:55,172 - INFO - Post to use 1j5koc8
2025-03-08 11:14:55,172 - INFO - Post to use 1j5ghaz
2025-03-08 11:14:55,172 - INFO - Post to use 1j66zsu
2025-03-08 11:14:55,172 - INFO - Post to use 1j61sni
2025-03-08 11:14:55,173 - INFO - Post to use 1j6dk9u
2025-03-08 11:14:55,173 - INFO - Post to use 1j6fv7h
2025-03-08 11:14:55,173 - INFO - Post to use 1j5tkt8
2025-03-08 11:14:55,173 - INFO - Post to use 1j5uz81
2025-03-08 11:14:55,173 - INFO - Post to use 1j69tdw
2025-03-08 11:14:55,173 - INFO - Post to use 1j5cwo2
2025-03-08 11:14:55,174 - INFO - Post to use 1j5iw8t
2025-03-08 11:14:55,174 - INFO - Post to use 1j687v6
2025-03-08 11:14:55,174 - INFO - Post to use 1j5hhsa
2025-03-08 11:14:55,174 - INFO - Post to use 1j606lg
2025-03-08 11:14:55,174 - INFO - Post to use 1j60urv
2025-03-08 11:14:55,175 - INFO - Post to use 1j60fu0
2025-03-08 11:14:55,175 - INFO - Post to use 1j5nd0f
2025-03-08 11:14:55,175 - INFO - Post to use 1j59fnv
2025-03-08 11:14:55,175 - INFO - Using created videos
2025-03-08 11:14:55,181 - INFO - Poping 0
2025-03-08 11:14:55,181 - INFO - Day Sched: ['17:10', '20:10', '23:20']
2025-03-08 11:14:55,181 - INFO - Post sched 1j2wdsj, 17:10
2025-03-08 11:14:55,181 - INFO - Post sched 1j3d0ss, 20:10
2025-03-08 11:14:55,182 - INFO - Post sched 1j4ck6a, 23:20
2025-03-08 11:16:03,991 - INFO - 2025-03-08 17:10:00
2025-03-08 11:16:03,992 - INFO - user-data-dir: C:/Users/legoc/AppData/Local/Google/Chrome/User Data
2025-03-08 11:16:05,776 - INFO - None
2025-03-08 11:16:06,271 - INFO - Navigated to TikTok Studio upload page successfully.
2025-03-08 11:16:16,570 - ERROR - File not found: C:\Users\legoc\Desktop\AI\AIClipCreator\tmp\clips\reddit_1j2wdsj.mp4
2025-03-08 11:16:18,813 - INFO - user-data-dir: C:/Users/legoc/AppData/Local/Google/Chrome/User Data
2025-03-08 11:16:24,550 - INFO - None
2025-03-08 11:16:25,072 - INFO - Navigated to TikTok Studio upload page successfully.
2025-03-08 11:16:35,320 - INFO - File uploaded successfully: C:\Users\legoc\Desktop\AI\AIClipCreator\tmp\clips\reddites_1j2wdsj.mp4
2025-03-08 11:16:44,659 - INFO - Clicked the 'draft' button successfully.
2025-03-08 11:16:56,849 - INFO - 2025-03-08 20:10:00
2025-03-08 11:16:56,850 - INFO - user-data-dir: C:/Users/legoc/AppData/Local/Google/Chrome/User Data
2025-03-08 11:16:58,563 - INFO - None
2025-03-08 11:16:59,088 - INFO - Navigated to TikTok Studio upload page successfully.
2025-03-08 11:17:09,415 - ERROR - File not found: C:\Users\legoc\Desktop\AI\AIClipCreator\tmp\clips\reddit_1j3d0ss.mp4
2025-03-08 11:17:11,637 - INFO - user-data-dir: C:/Users/legoc/AppData/Local/Google/Chrome/User Data
2025-03-08 11:17:17,450 - INFO - None
2025-03-08 11:17:18,018 - INFO - Navigated to TikTok Studio upload page successfully.
2025-03-08 11:17:28,398 - INFO - File uploaded successfully: C:\Users\legoc\Desktop\AI\AIClipCreator\tmp\clips\reddites_1j3d0ss.mp4
2025-03-08 11:17:42,331 - INFO - Clicked the 'draft' button successfully.
2025-03-08 11:17:54,521 - INFO - 2025-03-08 23:20:00
2025-03-08 11:17:54,521 - INFO - user-data-dir: C:/Users/legoc/AppData/Local/Google/Chrome/User Data
2025-03-08 11:17:56,241 - INFO - None
2025-03-08 11:17:56,750 - INFO - Navigated to TikTok Studio upload page successfully.
2025-03-08 11:18:07,063 - ERROR - File not found: C:\Users\legoc\Desktop\AI\AIClipCreator\tmp\clips\reddit_1j4ck6a.mp4
2025-03-08 11:18:09,290 - INFO - user-data-dir: C:/Users/legoc/AppData/Local/Google/Chrome/User Data
2025-03-08 11:18:15,091 - INFO - None
2025-03-08 11:18:15,625 - INFO - Navigated to TikTok Studio upload page successfully.
2025-03-08 11:18:26,036 - INFO - File uploaded successfully: C:\Users\legoc\Desktop\AI\AIClipCreator\tmp\clips\reddites_1j4ck6a.mp4
2025-03-08 11:18:35,980 - INFO - Clicked the 'draft' button successfully.
2025-03-08 11:18:48,224 - INFO - Reddit posts done
2025-03-08 11:26:21,646 - INFO - Available CPU cores/threads: 16
2025-03-08 11:26:21,646 - INFO - Running on Windows
2025-03-08 11:26:29,639 - INFO - Arguments: Namespace(noretrieve=False, dryrun=False, usevids=True, inputvideoid=None, skiptimecheck=False)
2025-03-08 11:26:29,653 - INFO - Post to use 1j2wdsj
2025-03-08 11:26:29,653 - INFO - Post to use 1j31x48
2025-03-08 11:26:29,654 - INFO - Post to use 1j376sw
2025-03-08 11:26:29,654 - INFO - Post to use 1j2hun2
2025-03-08 11:26:29,654 - INFO - Post to use 1j32wsj
2025-03-08 11:26:29,654 - INFO - Post to use 1j3f5pr
2025-03-08 11:26:29,654 - INFO - Post to use 1j3jwao
2025-03-08 11:26:29,654 - INFO - Post to use 1j3m1so
2025-03-08 11:26:29,655 - INFO - Post to use 1j30y89
2025-03-08 11:26:29,655 - INFO - Post to use 1j2nd4u
2025-03-08 11:26:29,655 - INFO - Post to use 1j3lszt
2025-03-08 11:26:29,655 - INFO - Post to use 1j3fos3
2025-03-08 11:26:29,655 - INFO - Post to use 1j3e1he
2025-03-08 11:26:29,656 - INFO - Post to use 1j1w26g
2025-03-08 11:26:29,656 - INFO - Post to use 1j3bvam
2025-03-08 11:26:29,656 - INFO - Post to use 1j2daf5
2025-03-08 11:26:29,656 - INFO - Post to use 1j2hxb2
2025-03-08 11:26:29,656 - INFO - Post to use 1j34uf4
2025-03-08 11:26:29,656 - INFO - Post to use 1j3ggqv
2025-03-08 11:26:29,657 - INFO - Post to use 1j3gt4t
2025-03-08 11:26:29,657 - INFO - Post to use 1j3hme8
2025-03-08 11:26:29,657 - INFO - Post to use 1j2s2gi
2025-03-08 11:26:29,657 - INFO - Post to use 1j3cfg8
2025-03-08 11:26:29,657 - INFO - Post to use 1j2n3fr
2025-03-08 11:26:29,657 - INFO - Post to use 1j3jt88
2025-03-08 11:26:29,658 - INFO - Post to use 1j3d0ss
2025-03-08 11:26:29,658 - INFO - Post to use 1j3ewvy
2025-03-08 11:26:29,658 - INFO - Post to use 1j3cj24
2025-03-08 11:26:29,658 - INFO - Post to use 1j3kfj2
2025-03-08 11:26:29,658 - INFO - Post to use 1j3fade
2025-03-08 11:26:29,658 - INFO - Post to use 1j3lg3q
2025-03-08 11:26:29,659 - INFO - Post to use 1j3ish5
2025-03-08 11:26:29,659 - INFO - Post to use 1j3fnga
2025-03-08 11:26:29,659 - INFO - Post to use 1j33x2i
2025-03-08 11:26:29,659 - INFO - Post to use 1j31xfr
2025-03-08 11:26:29,659 - INFO - Post to use 1j2uu65
2025-03-08 11:26:29,659 - INFO - Post to use 1j2rqwq
2025-03-08 11:26:29,660 - INFO - Post to use 1j32ocq
2025-03-08 11:26:29,660 - INFO - Post to use 1j2pekv
2025-03-08 11:26:29,660 - INFO - Post to use 1j3f0o8
2025-03-08 11:26:29,660 - INFO - Post to use 1j3fzxl
2025-03-08 11:26:29,660 - INFO - Post to use 1j30cc5
2025-03-08 11:26:29,660 - INFO - Post to use 1j2rx6e
2025-03-08 11:26:29,661 - INFO - Post to use 1j3e8ip
2025-03-08 11:26:29,661 - INFO - Post to use 1j3h4zr
2025-03-08 11:26:29,661 - INFO - Post to use 1j3irgq
2025-03-08 11:26:29,661 - INFO - Post to use 1j3losq
2025-03-08 11:26:29,661 - INFO - Post to use 1j3mkes
2025-03-08 11:26:29,662 - INFO - Post to use 1j3brxg
2025-03-08 11:26:29,662 - INFO - Post to use 1j3kbea
2025-03-08 11:26:29,662 - INFO - Post to use 1j3nlx2
2025-03-08 11:26:29,662 - INFO - Post to use 1j3hzm9
2025-03-08 11:26:29,662 - INFO - Post to use 1j37mx9
2025-03-08 11:26:29,663 - INFO - Post to use 1j3oyrv
2025-03-08 11:26:29,663 - INFO - Post to use 1j37180
2025-03-08 11:26:29,663 - INFO - Post to use 1j3febh
2025-03-08 11:26:29,663 - INFO - Post to use 1j3mpwc
2025-03-08 11:26:29,663 - INFO - Post to use 1j1e7bf
2025-03-08 11:26:29,663 - INFO - Post to use 1j3m0nh
2025-03-08 11:26:29,664 - INFO - Post to use 1j3m6wc
2025-03-08 11:26:29,664 - INFO - Post to use 1j3np5c
2025-03-08 11:26:29,664 - INFO - Post to use 1j3cltm
2025-03-08 11:26:29,664 - INFO - Post to use 1j3jptx
2025-03-08 11:26:29,664 - INFO - Post to use 1j3axdv
2025-03-08 11:26:29,665 - INFO - Post to use 1j3cbfc
2025-03-08 11:26:29,665 - INFO - Post to use 1j387os
2025-03-08 11:26:29,665 - INFO - Post to use 1j37g9k
2025-03-08 11:26:29,665 - INFO - Post to use 1j34bss
2025-03-08 11:26:29,665 - INFO - Post to use 1j327ff
2025-03-08 11:26:29,666 - INFO - Post to use 1j2idm6
2025-03-08 11:26:29,666 - INFO - Post to use 1j3o5wt
2025-03-08 11:26:29,666 - INFO - Post to use 1j3e2ui
2025-03-08 11:26:29,666 - INFO - Post to use 1j3rkgj
2025-03-08 11:26:29,666 - INFO - Post to use 1j3r8im
2025-03-08 11:26:29,666 - INFO - Post to use 1j43n3q
2025-03-08 11:26:29,667 - INFO - Post to use 1j47w9q
2025-03-08 11:26:29,667 - INFO - Post to use 1j3n68v
2025-03-08 11:26:29,667 - INFO - Post to use 1j3uyii
2025-03-08 11:26:29,667 - INFO - Post to use 1j475fj
2025-03-08 11:26:29,667 - INFO - Post to use 1j3qlm5
2025-03-08 11:26:29,667 - INFO - Post to use 1j417wt
2025-03-08 11:26:29,668 - INFO - Post to use 1j3qxox
2025-03-08 11:26:29,668 - INFO - Post to use 1j436zq
2025-03-08 11:26:29,668 - INFO - Post to use 1j3ec44
2025-03-08 11:26:29,668 - INFO - Post to use 1j3dgv7
2025-03-08 11:26:29,668 - INFO - Post to use 1j49brg
2025-03-08 11:26:29,669 - INFO - Post to use 1j44jo8
2025-03-08 11:26:29,669 - INFO - Post to use 1j3xkid
2025-03-08 11:26:29,669 - INFO - Post to use 1j45b6x
2025-03-08 11:26:29,669 - INFO - Post to use 1j3zxgw
2025-03-08 11:26:29,669 - INFO - Post to use 1j4bylt
2025-03-08 11:26:29,670 - INFO - Post to use 1j49w1h
2025-03-08 11:26:29,670 - INFO - Post to use 1j3z69i
2025-03-08 11:26:29,670 - INFO - Post to use 1j49i0g
2025-03-08 11:26:29,670 - INFO - Post to use 1j443mz
2025-03-08 11:26:29,670 - INFO - Post to use 1j3zffs
2025-03-08 11:26:29,670 - INFO - Post to use 1j46vtb
2025-03-08 11:26:29,671 - INFO - Post to use 1j3tlhg
2025-03-08 11:26:29,671 - INFO - Post to use 1j3utxr
2025-03-08 11:26:29,671 - INFO - Post to use 1j3qti1
2025-03-08 11:26:29,671 - INFO - Post to use 1j41u8e
2025-03-08 11:26:29,672 - INFO - Post to use 1j3r339
2025-03-08 11:26:29,672 - INFO - Post to use 1j48yc0
2025-03-08 11:26:29,672 - INFO - Post to use 1j422hh
2025-03-08 11:26:29,672 - INFO - Post to use 1j47mx6
2025-03-08 11:26:29,672 - INFO - Post to use 1j427hw
2025-03-08 11:26:29,672 - INFO - Post to use 1j3qtko
2025-03-08 11:26:29,673 - INFO - Post to use 1j3i2ai
2025-03-08 11:26:29,673 - INFO - Post to use 1j4641n
2025-03-08 11:26:29,673 - INFO - Post to use 1j4h72v
2025-03-08 11:26:29,673 - INFO - Post to use 1j4g1cu
2025-03-08 11:26:29,673 - INFO - Post to use 1j4mb3m
2025-03-08 11:26:29,673 - INFO - Post to use 1j4lyla
2025-03-08 11:26:29,673 - INFO - Post to use 1j4cbre
2025-03-08 11:26:29,674 - INFO - Post to use 1j4gvio
2025-03-08 11:26:29,674 - INFO - Post to use 1j4h4ba
2025-03-08 11:26:29,674 - INFO - Post to use 1j4hmt0
2025-03-08 11:26:29,674 - INFO - Post to use 1j4gw7k
2025-03-08 11:26:29,674 - INFO - Post to use 1j4lhkb
2025-03-08 11:26:29,675 - INFO - Post to use 1j45bux
2025-03-08 11:26:29,675 - INFO - Post to use 1j4ryl0
2025-03-08 11:26:29,675 - INFO - Post to use 1j4vzra
2025-03-08 11:26:29,675 - INFO - Post to use 1j4doj5
2025-03-08 11:26:29,675 - INFO - Post to use 1j4eabd
2025-03-08 11:26:29,676 - INFO - Post to use 1j4j0dq
2025-03-08 11:26:29,676 - INFO - Post to use 1j4mgm6
2025-03-08 11:26:29,676 - INFO - Post to use 1j3wagc
2025-03-08 11:26:29,676 - INFO - Post to use 1j4xwhl
2025-03-08 11:26:29,676 - INFO - Post to use 1j4w65t
2025-03-08 11:26:29,676 - INFO - Post to use 1j4skib
2025-03-08 11:26:29,677 - INFO - Post to use 1j51i4j
2025-03-08 11:26:29,677 - INFO - Post to use 1j50emu
2025-03-08 11:26:29,677 - INFO - Post to use 1j4qif6
2025-03-08 11:26:29,677 - INFO - Post to use 1j4ck6a
2025-03-08 11:26:29,677 - INFO - Post to use 1j4hkfp
2025-03-08 11:26:29,678 - INFO - Post to use 1j4e4sf
2025-03-08 11:26:29,678 - INFO - Post to use 1j4rwe4
2025-03-08 11:26:29,678 - INFO - Post to use 1j4q99p
2025-03-08 11:26:29,678 - INFO - Post to use 1j4uio2
2025-03-08 11:26:29,678 - INFO - Post to use 1j48rs6
2025-03-08 11:26:29,679 - INFO - Post to use 1j4v0kv
2025-03-08 11:26:29,679 - INFO - Post to use 1j4yekn
2025-03-08 11:26:29,679 - INFO - Post to use 1j56uzw
2025-03-08 11:26:29,679 - INFO - Post to use 1j5dn52
2025-03-08 11:26:29,679 - INFO - Post to use 1j52ynd
2025-03-08 11:26:29,679 - INFO - Post to use 1j53zwl
2025-03-08 11:26:29,680 - INFO - Post to use 1j5dlmm
2025-03-08 11:26:29,680 - INFO - Post to use 1j5fe5b
2025-03-08 11:26:29,680 - INFO - Post to use 1j56nn4
2025-03-08 11:26:29,680 - INFO - Post to use 1j4qz6t
2025-03-08 11:26:29,680 - INFO - Post to use 1j5d5ap
2025-03-08 11:26:29,680 - INFO - Post to use 1j5pxz6
2025-03-08 11:26:29,681 - INFO - Post to use 1j612fa
2025-03-08 11:26:29,681 - INFO - Post to use 1j5pea9
2025-03-08 11:26:29,681 - INFO - Post to use 1j65t74
2025-03-08 11:26:29,681 - INFO - Post to use 1j67p6d
2025-03-08 11:26:29,681 - INFO - Post to use 1j5xp0d
2025-03-08 11:26:29,681 - INFO - Post to use 1j5g5s2
2025-03-08 11:26:29,682 - INFO - Post to use 1j5xtf9
2025-03-08 11:26:29,682 - INFO - Post to use 1j5zs6x
2025-03-08 11:26:29,682 - INFO - Post to use 1j5eqmw
2025-03-08 11:26:29,682 - INFO - Post to use 1j5i8b0
2025-03-08 11:26:29,683 - INFO - Post to use 1j5cqxg
2025-03-08 11:26:29,683 - INFO - Post to use 1j5xno9
2025-03-08 11:26:29,683 - INFO - Post to use 1j5vus1
2025-03-08 11:26:29,683 - INFO - Post to use 1j65sns
2025-03-08 11:26:29,684 - INFO - Post to use 1j5g3t3
2025-03-08 11:26:29,684 - INFO - Post to use 1j5koc8
2025-03-08 11:26:29,684 - INFO - Post to use 1j5ghaz
2025-03-08 11:26:29,684 - INFO - Post to use 1j66zsu
2025-03-08 11:26:29,684 - INFO - Post to use 1j61sni
2025-03-08 11:26:29,684 - INFO - Post to use 1j6dk9u
2025-03-08 11:26:29,685 - INFO - Post to use 1j6fv7h
2025-03-08 11:26:29,685 - INFO - Post to use 1j5tkt8
2025-03-08 11:26:29,685 - INFO - Post to use 1j5ju8w
2025-03-08 11:26:29,685 - INFO - Post to use 1j5uz81
2025-03-08 11:26:29,685 - INFO - Post to use 1j69tdw
2025-03-08 11:26:29,686 - INFO - Post to use 1j5cwo2
2025-03-08 11:26:29,686 - INFO - Post to use 1j5iw8t
2025-03-08 11:26:29,686 - INFO - Post to use 1j687v6
2025-03-08 11:26:29,686 - INFO - Post to use 1j5hhsa
2025-03-08 11:26:29,686 - INFO - Post to use 1j606lg
2025-03-08 11:26:29,686 - INFO - Post to use 1j60urv
2025-03-08 11:26:29,686 - INFO - Post to use 1j60fu0
2025-03-08 11:26:29,687 - INFO - Post to use 1j59byb
2025-03-08 11:26:29,687 - INFO - Post to use 1j5nd0f
2025-03-08 11:26:29,687 - INFO - Post to use 1j59fnv
2025-03-08 11:26:29,687 - INFO - Using created videos
2025-03-08 11:26:29,690 - INFO - Poping 0
2025-03-08 11:26:29,690 - INFO - Day Sched: ['17:10', '20:10', '23:20']
2025-03-08 11:26:29,690 - INFO - Post sched 1j59byb, 17:10
2025-03-08 11:26:29,691 - INFO - Post sched 1j5ju8w, 20:10
2025-03-08 11:26:29,691 - INFO - Post sched 1j5pea9, 23:20
2025-03-08 11:27:41,185 - INFO - 2025-03-08 23:20:00
2025-03-08 11:27:41,185 - INFO - user-data-dir: C:/Users/legoc/AppData/Local/Google/Chrome/User Data
2025-03-08 11:27:43,145 - INFO - None
2025-03-08 11:27:43,639 - INFO - Navigated to TikTok Studio upload page successfully.
2025-03-08 11:27:53,986 - INFO - File uploaded successfully: C:\Users\legoc\Desktop\AI\AIClipCreator\tmp\clips\reddit_1j5pea9.mp4
2025-03-08 11:28:03,602 - INFO - Clicked the 'draft' button successfully.
2025-03-08 11:28:15,907 - INFO - user-data-dir: C:/Users/legoc/AppData/Local/Google/Chrome/User Data
2025-03-08 11:28:17,656 - INFO - None
2025-03-08 11:28:18,232 - INFO - Navigated to TikTok Studio upload page successfully.
2025-03-08 11:28:28,599 - INFO - File uploaded successfully: C:\Users\legoc\Desktop\AI\AIClipCreator\tmp\clips\reddites_1j5pea9.mp4
2025-03-08 11:28:38,432 - INFO - Clicked the 'draft' button successfully.
2025-03-08 11:28:50,649 - INFO - 2025-03-08 20:10:00
2025-03-08 11:28:50,650 - INFO - user-data-dir: C:/Users/legoc/AppData/Local/Google/Chrome/User Data
2025-03-08 11:28:52,434 - INFO - None
2025-03-08 11:28:53,055 - INFO - Navigated to TikTok Studio upload page successfully.
2025-03-08 11:29:03,323 - INFO - File uploaded successfully: C:\Users\legoc\Desktop\AI\AIClipCreator\tmp\clips\reddit_1j5ju8w.mp4
2025-03-08 11:29:20,342 - INFO - Clicked the 'draft' button successfully.
2025-03-08 11:29:32,546 - INFO - user-data-dir: C:/Users/legoc/AppData/Local/Google/Chrome/User Data
2025-03-08 11:29:34,269 - INFO - None
2025-03-08 11:29:34,809 - INFO - Navigated to TikTok Studio upload page successfully.
2025-03-08 11:29:45,177 - INFO - File uploaded successfully: C:\Users\legoc\Desktop\AI\AIClipCreator\tmp\clips\reddites_1j5ju8w.mp4
2025-03-08 11:29:54,791 - INFO - Clicked the 'draft' button successfully.
2025-03-08 11:30:06,978 - INFO - 2025-03-08 17:10:00
2025-03-08 11:30:06,978 - INFO - user-data-dir: C:/Users/legoc/AppData/Local/Google/Chrome/User Data
2025-03-08 11:30:08,694 - INFO - None
2025-03-08 11:30:09,206 - INFO - Navigated to TikTok Studio upload page successfully.
2025-03-08 11:30:19,493 - INFO - File uploaded successfully: C:\Users\legoc\Desktop\AI\AIClipCreator\tmp\clips\reddit_1j59byb.mp4
2025-03-08 11:30:28,805 - INFO - Clicked the 'draft' button successfully.
2025-03-08 11:30:41,018 - INFO - user-data-dir: C:/Users/legoc/AppData/Local/Google/Chrome/User Data
2025-03-08 11:30:42,754 - INFO - None
2025-03-08 11:30:43,357 - INFO - Navigated to TikTok Studio upload page successfully.
2025-03-08 11:30:53,738 - INFO - File uploaded successfully: C:\Users\legoc\Desktop\AI\AIClipCreator\tmp\clips\reddites_1j59byb.mp4
2025-03-08 11:31:11,616 - INFO - Clicked the 'draft' button successfully.
2025-03-08 11:31:26,344 - INFO - Reddit posts done
